make all --print-data-base --no-builtin-variables --no-builtin-rules --question
make: *** No rule to make target 'boot/boot', needed by 'Image'.  Stop.

# GNU Make 4.2.1
# Built for x86_64-pc-linux-gnu
# Copyright (C) 1988-2016 Free Software Foundation, Inc.
# License GPLv3+: GNU GPL version 3 or later <http://gnu.org/licenses/gpl.html>
# This is free software: you are free to change and redistribute it.
# There is NO WARRANTY, to the extent permitted by law.

# Make data base, printed on Thu Jul 28 19:38:53 2022

# Variables

# 'override' directive
GNUMAKEFLAGS := 
# automatic
<D = $(patsubst %/,%,$(dir $<))
# automatic
?F = $(notdir $?)
# environment
DESKTOP_SESSION = ubuntu
# default
.SHELLFLAGS := -c
# environment
XDG_SESSION_CLASS = user
# environment
XDG_SESSION_TYPE = x11
# automatic
?D = $(patsubst %/,%,$(dir $?))
# environment
IM_CONFIG_PHASE = 1
# automatic
@D = $(patsubst %/,%,$(dir $@))
# environment
XAUTHORITY = /run/user/1000/gdm/Xauthority
# environment
GDMSESSION = ubuntu
# environment
XMODIFIERS = @im=ibus
# makefile
CURDIR := /home/zizhan/Documents/simple-schedule-simplified
# makefile
SHELL = /bin/sh
# environment
VSCODE_NLS_CONFIG = {"locale":"en-us","availableLanguages":{},"_languagePackSupport":true}
# environment
_ = /usr/share/code/code
# environment
JOURNAL_STREAM = 8:57222
# environment
XDG_CONFIG_DIRS = /etc/xdg/xdg-ubuntu:/etc/xdg
# makefile (from 'Makefile', line 1)
MAKEFILE_LIST :=  Makefile
# automatic
@F = $(notdir $@)
# environment
GIO_LAUNCHED_DESKTOP_FILE = /usr/share/applications/code.desktop
# environment
USERNAME = zizhan
# environment
XDG_DATA_DIRS = /usr/share/ubuntu:/usr/local/share/:/usr/share/:/var/lib/snapd/desktop
# environment
DBUS_SESSION_BUS_ADDRESS = unix:path=/run/user/1000/bus
# environment
MANAGERPID = 1656
# environment
LESSOPEN = | /usr/bin/lesspipe %s
# environment
VSCODE_CWD = /home/zizhan
# default
MAKE_HOST := x86_64-pc-linux-gnu
# environment
PATH = /home/zizhan/bin:/home/zizhan/bin:/usr/local/sbin:/usr/local/bin:/usr/sbin:/usr/bin:/sbin:/bin:/usr/games:/usr/local/games:/snap/bin
# makefile (from 'Makefile', line 5)
LD = ld
# environment
GPG_AGENT_INFO = /run/user/1000/gnupg/S.gpg-agent:0:1
# environment
SESSION_MANAGER = local/ubuntu:@/tmp/.ICE-unix/1867,unix/ubuntu:/tmp/.ICE-unix/1867
# environment
XDG_RUNTIME_DIR = /run/user/1000
# environment
XDG_MENU_PREFIX = gnome-
# environment
ELECTRON_RUN_AS_NODE = 1
# environment
INVOCATION_ID = 9d67c5ed4729426f8b483e111ce82799
# makefile (from 'Makefile', line 6)
LDFLAGS = -m elf_i386 -Ttext 0xC0010000 -e startup_32 -s -x -M  
# default
.FEATURES := target-specific order-only second-expansion else-if shortest-stem undefine oneshell archives jobserver output-sync check-symlink load
# environment
LS_COLORS = 
# environment
XDG_SESSION_DESKTOP = ubuntu
# environment
SSH_AUTH_SOCK = /run/user/1000/keyring/ssh
# environment
GIO_LAUNCHED_DESKTOP_FILE_PID = 4058
# automatic
%F = $(notdir $%)
# environment
DISPLAY = :0
# environment
PWD = /home/zizhan/Documents/simple-schedule-simplified
# default
.LOADED := 
# environment
SSH_AGENT_PID = 1831
# environment
ORIGINAL_XDG_CURRENT_DESKTOP = ubuntu:GNOME
# environment
GTK_MODULES = gail:atk-bridge
# environment
VSCODE_AMD_ENTRYPOINT = vs/workbench/api/node/extensionHostProcess
# environment
HOME = /home/zizhan
# environment
LESSCLOSE = /usr/bin/lesspipe %s %s
# environment
VSCODE_CODE_CACHE_PATH = /home/zizhan/.config/Code/CachedData/b06ae3b2d2dbfe28bca3134cc6be65935cdfea6a
# environment
LOGNAME = zizhan
# environment
APPLICATION_INSIGHTS_NO_DIAGNOSTIC_CHANNEL = 1
# environment
VSCODE_HANDLES_UNCAUGHT_ERRORS = true
# environment
GNOME_DESKTOP_SESSION_ID = this-is-deprecated
# automatic
^D = $(patsubst %/,%,$(dir $^))
# environment
MAKELEVEL := 0
# default
MAKE = $(MAKE_COMMAND)
# default
MAKECMDGOALS := all
# environment
QT_IM_MODULE = ibus
# environment
SHLVL = 0
# makefile (from 'Makefile', line 4)
AS = as
# environment
GNOME_SHELL_SESSION_MODE = ubuntu
# default
MAKE_VERSION := 4.2.1
# environment
USER = zizhan
# makefile
.DEFAULT_GOAL := all
# environment
XDG_CURRENT_DESKTOP = Unity
# automatic
%D = $(patsubst %/,%,$(dir $%))
# default
MAKE_COMMAND := make
# default
.VARIABLES := 
# automatic
*F = $(notdir $*)
# environment
VSCODE_IPC_HOOK = /run/user/1000/vscode-086ffd67-1.69.1-main.sock
# makefile
MAKEFLAGS = pqrR
# environment
MFLAGS = -pqrR
# automatic
*D = $(patsubst %/,%,$(dir $*))
# automatic
+D = $(patsubst %/,%,$(dir $+))
# makefile (from 'Makefile', line 3)
LD86 = ld86 -0
# environment
GDK_BACKEND = x11
# automatic
+F = $(notdir $+)
# environment
QT_ACCESSIBILITY = 1
# default
MAKEFILES := 
# makefile (from 'Makefile', line 2)
AS86 = as86 -0 -a
# automatic
<F = $(notdir $<)
# environment
LC_ALL = C
# environment
GJS_DEBUG_TOPICS = JS ERROR;JS LOG
# automatic
^F = $(notdir $^)
# default
SUFFIXES := 
# environment
CHROME_DESKTOP = code-url-handler.desktop
# environment
WINDOWPATH = 2
# default
.INCLUDE_DIRS = /usr/include /usr/local/include /usr/include
# environment
GJS_DEBUG_OUTPUT = stderr
# default
.RECIPEPREFIX := 
# environment
LANG = C
# environment
VSCODE_PID = 4058
# variable set hash-table stats:
# Load=97/1024=9%, Rehash=0, Collisions=12/122=10%

# Pattern-specific Variable Values

# No pattern-specific variable values.

# Directories

# . (device 2053, inode 17586620): 10 files, no impossibilities.

# 10 files, no impossibilities in 1 directories.

# Implicit Rules

# No implicit rules.

# Files

# Not a target:
kernel/task.o:
#  Implicit rule search has not been done.
#  Modification time never checked.
#  File has not been updated.

# Not a target:
kernel/mytask.c:
#  Implicit rule search has not been done.
#  Modification time never checked.
#  File has not been updated.

# Not a target:
mytask1.c:
#  Implicit rule search has not been done.
#  Modification time never checked.
#  File has not been updated.

head.o: boot/head.s
#  Implicit rule search has not been done.
#  Modification time never checked.
#  File has not been updated.

task.o: kernel/task.c include/task.h
#  Implicit rule search has not been done.
#  Modification time never checked.
#  File has not been updated.
#  recipe to execute (from 'Makefile', line 49):
	gcc -c -fno-pic -o kernel/task.o kernel/task.c

all: Image
#  Command line target.
#  Implicit rule search has been done.
#  File does not exist.
#  File has not been updated.

# Not a target:
boot/boot.s:
#  Implicit rule search has not been done.
#  Modification time never checked.
#  File has not been updated.

# Not a target:
include/type.h:
#  Implicit rule search has not been done.
#  Modification time never checked.
#  File has not been updated.

# Not a target:
kernel/page.c:
#  Implicit rule search has not been done.
#  Modification time never checked.
#  File has not been updated.

# Not a target:
Makefile:
#  Implicit rule search has been done.
#  Last modified 2022-07-28 19:37:58.579530658
#  File has been updated.
#  Successfully updated.

kernel.o: kernel/kernel.c include/kernel.h include/type.h
#  Implicit rule search has not been done.
#  Modification time never checked.
#  File has not been updated.
#  recipe to execute (from 'Makefile', line 43):
	gcc -c -fno-pic -o kernel/kernel.o kernel/kernel.c

# Not a target:
kernel/main.c:
#  Implicit rule search has not been done.
#  Modification time never checked.
#  File has not been updated.

# Not a target:
kernel/task.c:
#  Implicit rule search has not been done.
#  Modification time never checked.
#  File has not been updated.

# Not a target:
include/page.h:
#  Implicit rule search has not been done.
#  Modification time never checked.
#  File has not been updated.

# Not a target:
kernel/kernel.o:
#  Implicit rule search has not been done.
#  Modification time never checked.
#  File has not been updated.

mytask: kernel/mytask.o
#  Implicit rule search has not been done.
#  Modification time never checked.
#  File has not been updated.
#  recipe to execute (from 'Makefile', line 28):
	$(LD) -m elf_i386 -Ttext 0 -e main -s -x -M mytask.o -o mytask > mytask.map

mytask.o: kernel/mytask.c
#  Implicit rule search has not been done.
#  Modification time never checked.
#  File has not been updated.
#  recipe to execute (from 'Makefile', line 25):
	gcc -c -fno-pic -o kernel/mytask.o kernel/mytask.c  # -fno-pic is used to reduce the size of the object file; remove it is ok

# Not a target:
include/task.h:
#  Implicit rule search has not been done.
#  Modification time never checked.
#  File has not been updated.

# Not a target:
kernel/system:
#  Implicit rule search has not been done.
#  Modification time never checked.
#  File has not been updated.

# Not a target:
kernel/mytask:
#  Implicit rule search has not been done.
#  Modification time never checked.
#  File has not been updated.

# Not a target:
boot/head.o:
#  Implicit rule search has not been done.
#  Modification time never checked.
#  File has not been updated.

# Not a target:
.DEFAULT:
#  Implicit rule search has not been done.
#  Modification time never checked.
#  File has not been updated.

mytask1: mytask1.o
#  Implicit rule search has not been done.
#  Modification time never checked.
#  File has not been updated.
#  recipe to execute (from 'Makefile', line 34):
	$(LD) -m elf_i386 -Ttext 0 -e main -s -x -M mytask1.o -o mytask1 > mytask1.map

# Not a target:
kernel/kernel.c:
#  Implicit rule search has not been done.
#  Modification time never checked.
 
#  File has not been updated.

Image: boot/boot kernel/system kernel/mytask kernel/mytask1
#  Implicit rule search has not been done.
#  File does not exist.
#  File has not been updated.
#  recipe to execute (from 'Makefile', line 11):
	dd bs=32 if=boot/boot of=Image skip=1
	objcopy -O binary kernel/system boot/head
	cat boot/head >> Image
	objcopy -O binary kernel/mytask task0
	dd bs=512 if=task0 of=Image seek=288
	objcopy -O binary mytask1 task1
	dd bs=512 if=task1 of=Image seek=289

# Not a target:
kernel/mytask.o:
#  Implicit rule search has not been done.
#  Modification time never checked.
#  File has not been updated.

page.o: kernel/page.c include/page.h
#  Implicit rule search has not been done.
#  Modification time never checked.
#  File has not been updated.
#  recipe to execute (from 'Makefile', line 46):
	gcc -c -fno-pic -o kernel/page.o kernel/page.c

clean:
#  Implicit rule search has not been done.
#  Modification time never checked.
#  File has not been updated.
#  recipe to execute (from 'Makefile', line 59):
	rm -f Image System.map core boot head *.o system task0 mytask mytask.map task1 mytask1 mytask1.map

mytask1.o: mytask1.c
#  Implicit rule search has not been done.
#  Modification time never checked.
#  File has not been updated.
#  recipe to execute (from 'Makefile', line 31):
	gcc -c -fno-pic -o mytask1.o mytask1.c  # -fno-pic is used to reduce the size of the object file; remove it is ok	

# Not a target:
boot/boot:
#  Implicit rule search has been done.
#  File does not exist.
#  File has not been updated.

# Not a target:
kernel/mytask1:
#  Implicit rule search has not been done.
#  Modification time never checked.
#  File has not been updated.

main.o: kernel/main.c
#  Implicit rule search has not been done.
#  Modification time never checked.
#  File has not been updated.
#  recipe to execute (from 'Makefile', line 40):
	gcc -c -fno-pic -o kernel/main.o kernel/main.c

boot: boot/boot.s
#  Implicit rule search has not been done.
#  Modification time never checked.
#  File has not been updated.
#  recipe to execute (from 'Makefile', line 55):
	$(AS86) -o boot/boot.o boot/boot.s
	$(LD86) -s -o boot/boot boot/boot.o

# Not a target:
kernel/page.o:
#  Implicit rule search has not been done.
#  Modification time never checked.
#  File has not been updated.

# Not a target:
boot/head.s:
#  Implicit rule search has not been done.
#  Modification time never checked.
#  File has not been updated.

disk: Image
#  Implicit rule search has not been done.
#  Modification time never checked.
#  File has not been updated.
#  recipe to execute (from 'Makefile', line 21):
	dd bs=8192 if=Image of=/dev/fd0
	sync;sync;sync

# Not a target:
include/kernel.h:
#  Implicit rule search has not been done.
#  Modification time never checked.
#  File has not been updated.

system: boot/head.o kernel/main.o kernel/kernel.o kernel/page.o kernel/task.o
#  Implicit rule search has not been done.
#  Modification time never checked.
#  File has not been updated.
#  recipe to execute (from 'Makefile', line 52):
	$(LD) $(LDFLAGS) boot/head.o kernel/main.o kernel/kernel.o kernel/page.o kernel/task.o  -o kernel/system > kernel/System.map

# Not a target:
kernel/main.o:
#  Implicit rule search has not been done.
#  Modification time never checked.
#  File has not been updated.

# files hash-table stats:
# Load=40/1024=4%, Rehash=0, Collisions=6/77=8%
# VPATH Search Paths

# No 'vpath' search paths.

# No general ('VPATH' variable) search path.

# strcache buffers: 1 (0) / strings = 50 / storage = 518 B / avg = 10 B
# current buf: size = 8162 B / used = 518 B / count = 50 / avg = 10 B

# strcache performance: lookups = 74 / hit rate = 32%
# hash-table stats:
# Load=50/8192=1%, Rehash=0, Collisions=1/74=1%
# Finished Make data base on Thu Jul 28 19:38:53 2022

 
